  MyForm.cpp
C:\Users\shahd\source\repos\Project3\Project3\MyForm1.h(727,17): warning C4477: 'sprintf' : format string '%s' requires an argument of type 'char *', but variadic argument 1 has type 'System::String ^'
C:\Users\shahd\source\repos\Project3\Project3\MyForm1.h(727,3): warning C4996: 'sprintf': This function or variable may be unsafe. Consider using sprintf_s instead. To disable deprecation, use _CRT_SECURE_NO_WARNINGS. See online help for details.
C:\Users\shahd\source\repos\Project3\Project3\MyForm1.h(737,17): warning C4477: 'sprintf' : format string '%s' requires an argument of type 'char *', but variadic argument 1 has type 'System::String ^'
C:\Users\shahd\source\repos\Project3\Project3\MyForm1.h(737,3): warning C4996: 'sprintf': This function or variable may be unsafe. Consider using sprintf_s instead. To disable deprecation, use _CRT_SECURE_NO_WARNINGS. See online help for details.
C:\Users\shahd\source\repos\Project3\Project3\MyForm1.h(755,17): warning C4477: 'sprintf' : format string '%s' requires an argument of type 'char *', but variadic argument 1 has type 'System::String ^'
C:\Users\shahd\source\repos\Project3\Project3\MyForm1.h(755,3): warning C4996: 'sprintf': This function or variable may be unsafe. Consider using sprintf_s instead. To disable deprecation, use _CRT_SECURE_NO_WARNINGS. See online help for details.
C:\Users\shahd\source\repos\Project3\Project3\MyForm1.h(767,17): warning C4477: 'sprintf' : format string '%s' requires an argument of type 'char *', but variadic argument 1 has type 'System::String ^'
C:\Users\shahd\source\repos\Project3\Project3\MyForm1.h(767,3): warning C4996: 'sprintf': This function or variable may be unsafe. Consider using sprintf_s instead. To disable deprecation, use _CRT_SECURE_NO_WARNINGS. See online help for details.
C:\Users\shahd\source\repos\Project3\Project3\MyForm1.h(795,17): warning C4477: 'sprintf' : format string '%s' requires an argument of type 'char *', but variadic argument 1 has type 'System::String ^'
C:\Users\shahd\source\repos\Project3\Project3\MyForm1.h(795,3): warning C4996: 'sprintf': This function or variable may be unsafe. Consider using sprintf_s instead. To disable deprecation, use _CRT_SECURE_NO_WARNINGS. See online help for details.
C:\Users\shahd\source\repos\Project3\Project3\MyForm1.h(814,17): warning C4477: 'sprintf' : format string '%s' requires an argument of type 'char *', but variadic argument 1 has type 'System::String ^'
C:\Users\shahd\source\repos\Project3\Project3\MyForm1.h(814,3): warning C4996: 'sprintf': This function or variable may be unsafe. Consider using sprintf_s instead. To disable deprecation, use _CRT_SECURE_NO_WARNINGS. See online help for details.
C:\Users\shahd\source\repos\Project3\Project3\MyForm1.h(826,17): warning C4477: 'sprintf' : format string '%s' requires an argument of type 'char *', but variadic argument 1 has type 'System::String ^'
C:\Users\shahd\source\repos\Project3\Project3\MyForm1.h(826,3): warning C4996: 'sprintf': This function or variable may be unsafe. Consider using sprintf_s instead. To disable deprecation, use _CRT_SECURE_NO_WARNINGS. See online help for details.
C:\Users\shahd\source\repos\Project3\Project3\MyForm1.h(847,17): warning C4477: 'sprintf' : format string '%s' requires an argument of type 'char *', but variadic argument 1 has type 'System::String ^'
C:\Users\shahd\source\repos\Project3\Project3\MyForm1.h(847,3): warning C4996: 'sprintf': This function or variable may be unsafe. Consider using sprintf_s instead. To disable deprecation, use _CRT_SECURE_NO_WARNINGS. See online help for details.
C:\Users\shahd\source\repos\Project3\Project3\MyForm1.h(861,17): warning C4477: 'sprintf' : format string '%s' requires an argument of type 'char *', but variadic argument 1 has type 'System::String ^'
C:\Users\shahd\source\repos\Project3\Project3\MyForm1.h(861,3): warning C4996: 'sprintf': This function or variable may be unsafe. Consider using sprintf_s instead. To disable deprecation, use _CRT_SECURE_NO_WARNINGS. See online help for details.
C:\Users\shahd\source\repos\Project3\Project3\MyForm1.h(873,17): warning C4477: 'sprintf' : format string '%s' requires an argument of type 'char *', but variadic argument 1 has type 'System::String ^'
C:\Users\shahd\source\repos\Project3\Project3\MyForm1.h(873,3): warning C4996: 'sprintf': This function or variable may be unsafe. Consider using sprintf_s instead. To disable deprecation, use _CRT_SECURE_NO_WARNINGS. See online help for details.
C:\Users\shahd\source\repos\Project3\Project3\MyFormphysics.h(2500,19): warning C4566: character represented by universal-character-name '\u03BB' cannot be represented in the current code page (1252)
C:\Users\shahd\source\repos\Project3\Project3\MyFormphysics.h(2521,19): warning C4566: character represented by universal-character-name '\u03BB' cannot be represented in the current code page (1252)
C:\Users\shahd\source\repos\Project3\Project3\MyFormphysics.h(2570,19): warning C4566: character represented by universal-character-name '\u03BC' cannot be represented in the current code page (1252)
C:\Users\shahd\source\repos\Project3\Project3\MyFormphysics.h(2592,19): warning C4566: character represented by universal-character-name '\u03BB' cannot be represented in the current code page (1252)
C:\Users\shahd\source\repos\Project3\Project3\MyFormphysics.h(2597,19): warning C4566: character represented by universal-character-name '\u03BC' cannot be represented in the current code page (1252)
C:\Users\shahd\source\repos\Project3\Project3\MyFormphysics.h(2620,19): warning C4566: character represented by universal-character-name '\u03BB' cannot be represented in the current code page (1252)
C:\Users\shahd\source\repos\Project3\Project3\MyFormphysics.h(2625,19): warning C4566: character represented by universal-character-name '\u03BC' cannot be represented in the current code page (1252)
C:\Users\shahd\source\repos\Project3\Project3\MyFormphysics.h(2652,19): warning C4566: character represented by universal-character-name '\u03BC' cannot be represented in the current code page (1252)
C:\Users\shahd\source\repos\Project3\Project3\MyFormphysics.h(2722,19): warning C4566: character represented by universal-character-name '\u03C1' cannot be represented in the current code page (1252)
C:\Users\shahd\source\repos\Project3\Project3\MyFormphysics.h(2808,19): warning C4566: character represented by universal-character-name '\u03C1' cannot be represented in the current code page (1252)
C:\Users\shahd\source\repos\Project3\Project3\MyFormphysics.h(2858,19): warning C4566: character represented by universal-character-name '\u03C1' cannot be represented in the current code page (1252)
C:\Users\shahd\source\repos\Project3\Project3\MyFormphysics.h(2891,19): warning C4566: character represented by universal-character-name '\u03C1' cannot be represented in the current code page (1252)
C:\Users\shahd\source\repos\Project3\Project3\MyFormphysics.h(2918,19): warning C4566: character represented by universal-character-name '\u03C1' cannot be represented in the current code page (1252)
C:\Users\shahd\source\repos\Project3\Project3\MyFormphysics.h(2290,32): warning C4244: '=': conversion from 'double' to 'float', possible loss of data
C:\Users\shahd\source\repos\Project3\Project3\MyFormphysics.h(2296,32): warning C4244: '=': conversion from 'double' to 'float', possible loss of data
C:\Users\shahd\source\repos\Project3\Project3\MyFormphysics.h(2307,32): warning C4244: '=': conversion from 'double' to 'float', possible loss of data
C:\Users\shahd\source\repos\Project3\Project3\MyFormphysics.h(2313,32): warning C4244: '=': conversion from 'double' to 'float', possible loss of data
C:\Users\shahd\source\repos\Project3\Project3\MyFormphysics.h(2318,32): warning C4244: '=': conversion from 'double' to 'float', possible loss of data
C:\Users\shahd\source\repos\Project3\Project3\MyFormphysics.h(2336,32): warning C4244: '=': conversion from 'double' to 'int', possible loss of data
C:\Users\shahd\source\repos\Project3\Project3\MyFormphysics.h(2342,32): warning C4244: '=': conversion from 'double' to 'int', possible loss of data
C:\Users\shahd\source\repos\Project3\Project3\MyFormphysics.h(2347,32): warning C4244: '=': conversion from 'double' to 'int', possible loss of data
C:\Users\shahd\source\repos\Project3\Project3\MyFormphysics.h(2365,32): warning C4244: '=': conversion from 'double' to 'float', possible loss of data
C:\Users\shahd\source\repos\Project3\Project3\MyFormphysics.h(2371,32): warning C4244: '=': conversion from 'double' to 'float', possible loss of data
C:\Users\shahd\source\repos\Project3\Project3\MyFormphysics.h(2384,32): warning C4244: '=': conversion from 'double' to 'float', possible loss of data
C:\Users\shahd\source\repos\Project3\Project3\MyFormphysics.h(2390,32): warning C4244: '=': conversion from 'double' to 'float', possible loss of data
C:\Users\shahd\source\repos\Project3\Project3\MyFormphysics.h(2403,32): warning C4244: '=': conversion from 'double' to 'float', possible loss of data
C:\Users\shahd\source\repos\Project3\Project3\MyFormphysics.h(2409,32): warning C4244: '=': conversion from 'double' to 'float', possible loss of data
C:\Users\shahd\source\repos\Project3\Project3\MyFormphysics.h(2421,32): warning C4244: '=': conversion from 'double' to 'float', possible loss of data
C:\Users\shahd\source\repos\Project3\Project3\MyFormphysics.h(2427,32): warning C4244: '=': conversion from 'double' to 'int', possible loss of data
C:\Users\shahd\source\repos\Project3\Project3\MyFormphysics.h(2438,32): warning C4244: '=': conversion from 'double' to 'int', possible loss of data
C:\Users\shahd\source\repos\Project3\Project3\MyFormphysics.h(2444,32): warning C4244: '=': conversion from 'double' to 'int', possible loss of data
C:\Users\shahd\source\repos\Project3\Project3\MyFormphysics.h(2450,32): warning C4244: '=': conversion from 'double' to 'float', possible loss of data
C:\Users\shahd\source\repos\Project3\Project3\MyFormphysics.h(2461,32): warning C4244: '=': conversion from 'double' to 'float', possible loss of data
C:\Users\shahd\source\repos\Project3\Project3\MyFormphysics.h(2467,32): warning C4244: '=': conversion from 'double' to 'float', possible loss of data
C:\Users\shahd\source\repos\Project3\Project3\MyFormphysics.h(2493,32): warning C4244: '=': conversion from 'double' to 'float', possible loss of data
C:\Users\shahd\source\repos\Project3\Project3\MyFormphysics.h(2499,32): warning C4244: '=': conversion from 'double' to 'float', possible loss of data
C:\Users\shahd\source\repos\Project3\Project3\MyFormphysics.h(2514,32): warning C4244: '=': conversion from 'double' to 'float', possible loss of data
C:\Users\shahd\source\repos\Project3\Project3\MyFormphysics.h(2520,32): warning C4244: '=': conversion from 'double' to 'float', possible loss of data
C:\Users\shahd\source\repos\Project3\Project3\MyFormphysics.h(2532,32): warning C4244: '=': conversion from 'double' to 'int', possible loss of data
C:\Users\shahd\source\repos\Project3\Project3\MyFormphysics.h(2540,32): warning C4244: '=': conversion from 'double' to 'float', possible loss of data
C:\Users\shahd\source\repos\Project3\Project3\MyFormphysics.h(2545,32): warning C4244: '=': conversion from 'double' to 'int', possible loss of data
C:\Users\shahd\source\repos\Project3\Project3\MyFormphysics.h(2563,32): warning C4244: '=': conversion from 'double' to 'float', possible loss of data
C:\Users\shahd\source\repos\Project3\Project3\MyFormphysics.h(2569,32): warning C4244: '=': conversion from 'double' to 'float', possible loss of data
C:\Users\shahd\source\repos\Project3\Project3\MyFormphysics.h(2580,32): warning C4244: '=': conversion from 'double' to 'float', possible loss of data
C:\Users\shahd\source\repos\Project3\Project3\MyFormphysics.h(2586,32): warning C4244: '=': conversion from 'double' to 'int', possible loss of data
C:\Users\shahd\source\repos\Project3\Project3\MyFormphysics.h(2591,32): warning C4244: '=': conversion from 'double' to 'int', possible loss of data
C:\Users\shahd\source\repos\Project3\Project3\MyFormphysics.h(2596,32): warning C4244: '=': conversion from 'double' to 'float', possible loss of data
C:\Users\shahd\source\repos\Project3\Project3\MyFormphysics.h(2608,32): warning C4244: '=': conversion from 'double' to 'float', possible loss of data
C:\Users\shahd\source\repos\Project3\Project3\MyFormphysics.h(2614,32): warning C4244: '=': conversion from 'double' to 'int', possible loss of data
C:\Users\shahd\source\repos\Project3\Project3\MyFormphysics.h(2619,32): warning C4244: '=': conversion from 'double' to 'int', possible loss of data
C:\Users\shahd\source\repos\Project3\Project3\MyFormphysics.h(2624,32): warning C4244: '=': conversion from 'double' to 'float', possible loss of data
C:\Users\shahd\source\repos\Project3\Project3\MyFormphysics.h(2635,32): warning C4244: '=': conversion from 'double' to 'float', possible loss of data
C:\Users\shahd\source\repos\Project3\Project3\MyFormphysics.h(2641,32): warning C4244: '=': conversion from 'double' to 'int', possible loss of data
C:\Users\shahd\source\repos\Project3\Project3\MyFormphysics.h(2646,32): warning C4244: '=': conversion from 'double' to 'int', possible loss of data
C:\Users\shahd\source\repos\Project3\Project3\MyFormphysics.h(2651,32): warning C4244: '=': conversion from 'double' to 'float', possible loss of data
C:\Users\shahd\source\repos\Project3\Project3\MyFormphysics.h(2664,32): warning C4244: '=': conversion from 'double' to 'int', possible loss of data
C:\Users\shahd\source\repos\Project3\Project3\MyFormphysics.h(2670,32): warning C4244: '=': conversion from 'double' to 'float', possible loss of data
C:\Users\shahd\source\repos\Project3\Project3\MyFormphysics.h(2681,32): warning C4244: '=': conversion from 'double' to 'float', possible loss of data
C:\Users\shahd\source\repos\Project3\Project3\MyFormphysics.h(2687,32): warning C4244: '=': conversion from 'double' to 'float', possible loss of data
C:\Users\shahd\source\repos\Project3\Project3\MyFormphysics.h(2693,32): warning C4244: '=': conversion from 'double' to 'float', possible loss of data
C:\Users\shahd\source\repos\Project3\Project3\MyFormphysics.h(2705,32): warning C4244: '=': conversion from 'double' to 'float', possible loss of data
C:\Users\shahd\source\repos\Project3\Project3\MyFormphysics.h(2711,32): warning C4244: '=': conversion from 'double' to 'float', possible loss of data
C:\Users\shahd\source\repos\Project3\Project3\MyFormphysics.h(2716,32): warning C4244: '=': conversion from 'double' to 'int', possible loss of data
C:\Users\shahd\source\repos\Project3\Project3\MyFormphysics.h(2721,32): warning C4244: '=': conversion from 'double' to 'float', possible loss of data
C:\Users\shahd\source\repos\Project3\Project3\MyFormphysics.h(2733,32): warning C4244: '=': conversion from 'double' to 'float', possible loss of data
C:\Users\shahd\source\repos\Project3\Project3\MyFormphysics.h(2739,32): warning C4244: '=': conversion from 'double' to 'float', possible loss of data
C:\Users\shahd\source\repos\Project3\Project3\MyFormphysics.h(2751,32): warning C4244: '=': conversion from 'double' to 'float', possible loss of data
C:\Users\shahd\source\repos\Project3\Project3\MyFormphysics.h(2757,32): warning C4244: '=': conversion from 'double' to 'float', possible loss of data
C:\Users\shahd\source\repos\Project3\Project3\MyFormphysics.h(2762,32): warning C4244: '=': conversion from 'double' to 'float', possible loss of data
C:\Users\shahd\source\repos\Project3\Project3\MyFormphysics.h(2774,32): warning C4244: '=': conversion from 'double' to 'float', possible loss of data
C:\Users\shahd\source\repos\Project3\Project3\MyFormphysics.h(2780,32): warning C4244: '=': conversion from 'double' to 'float', possible loss of data
C:\Users\shahd\source\repos\Project3\Project3\MyFormphysics.h(2785,32): warning C4244: '=': conversion from 'double' to 'int', possible loss of data
C:\Users\shahd\source\repos\Project3\Project3\MyFormphysics.h(2790,33): warning C4244: '=': conversion from 'double' to 'float', possible loss of data
C:\Users\shahd\source\repos\Project3\Project3\MyFormphysics.h(2795,32): warning C4244: '=': conversion from 'double' to 'float', possible loss of data
C:\Users\shahd\source\repos\Project3\Project3\MyFormphysics.h(2807,32): warning C4244: '=': conversion from 'double' to 'float', possible loss of data
C:\Users\shahd\source\repos\Project3\Project3\MyFormphysics.h(2813,32): warning C4244: '=': conversion from 'double' to 'float', possible loss of data
C:\Users\shahd\source\repos\Project3\Project3\MyFormphysics.h(2823,32): warning C4244: '=': conversion from 'double' to 'float', possible loss of data
C:\Users\shahd\source\repos\Project3\Project3\MyFormphysics.h(2831,32): warning C4244: '=': conversion from 'double' to 'float', possible loss of data
C:\Users\shahd\source\repos\Project3\Project3\MyFormphysics.h(2837,32): warning C4244: '=': conversion from 'double' to 'float', possible loss of data
C:\Users\shahd\source\repos\Project3\Project3\MyFormphysics.h(2842,32): warning C4244: '=': conversion from 'double' to 'int', possible loss of data
C:\Users\shahd\source\repos\Project3\Project3\MyFormphysics.h(2847,32): warning C4244: '=': conversion from 'double' to 'float', possible loss of data
C:\Users\shahd\source\repos\Project3\Project3\MyFormphysics.h(2852,32): warning C4244: '=': conversion from 'double' to 'int', possible loss of data
C:\Users\shahd\source\repos\Project3\Project3\MyFormphysics.h(2857,32): warning C4244: '=': conversion from 'double' to 'float', possible loss of data
C:\Users\shahd\source\repos\Project3\Project3\MyFormphysics.h(2869,32): warning C4244: '=': conversion from 'double' to 'float', possible loss of data
C:\Users\shahd\source\repos\Project3\Project3\MyFormphysics.h(2875,32): warning C4244: '=': conversion from 'double' to 'float', possible loss of data
C:\Users\shahd\source\repos\Project3\Project3\MyFormphysics.h(2880,32): warning C4244: '=': conversion from 'double' to 'float', possible loss of data
C:\Users\shahd\source\repos\Project3\Project3\MyFormphysics.h(2885,32): warning C4244: '=': conversion from 'double' to 'int', possible loss of data
C:\Users\shahd\source\repos\Project3\Project3\MyFormphysics.h(2890,32): warning C4244: '=': conversion from 'double' to 'float', possible loss of data
C:\Users\shahd\source\repos\Project3\Project3\MyFormphysics.h(2901,32): warning C4244: '=': conversion from 'double' to 'float', possible loss of data
C:\Users\shahd\source\repos\Project3\Project3\MyFormphysics.h(2907,32): warning C4244: '=': conversion from 'double' to 'float', possible loss of data
C:\Users\shahd\source\repos\Project3\Project3\MyFormphysics.h(2912,32): warning C4244: '=': conversion from 'double' to 'int', possible loss of data
C:\Users\shahd\source\repos\Project3\Project3\MyFormphysics.h(2917,32): warning C4244: '=': conversion from 'double' to 'float', possible loss of data
C:\Users\shahd\source\repos\Project3\Project3\MyFormphysics.h(2928,32): warning C4244: '=': conversion from 'double' to 'float', possible loss of data
C:\Users\shahd\source\repos\Project3\Project3\MyFormphysics.h(2934,32): warning C4244: '=': conversion from 'double' to 'int', possible loss of data
C:\Users\shahd\source\repos\Project3\Project3\MyFormphysics.h(2945,32): warning C4244: '=': conversion from 'double' to 'float', possible loss of data
C:\Users\shahd\source\repos\Project3\Project3\MyFormphysics.h(2951,32): warning C4244: '=': conversion from 'double' to 'int', possible loss of data
C:\Users\shahd\source\repos\Project3\Project3\gpaForm.h(591,1): warning C4305: '=': truncation from 'double' to 'float'
C:\Users\shahd\source\repos\Project3\Project3\gpaForm.h(593,1): warning C4305: '=': truncation from 'double' to 'float'
C:\Users\shahd\source\repos\Project3\Project3\gpaForm.h(597,1): warning C4305: '=': truncation from 'double' to 'float'
C:\Users\shahd\source\repos\Project3\Project3\gpaForm.h(599,1): warning C4305: '=': truncation from 'double' to 'float'
C:\Users\shahd\source\repos\Project3\Project3\gpaForm.h(601,1): warning C4305: '=': truncation from 'double' to 'float'
C:\Users\shahd\source\repos\Project3\Project3\MyForm.cpp(5,33): warning C4829: Possibly incorrect parameters to function main. Consider 'int main(Platform::Array<Platform::String^>^ argv)'
  MyForm11.cpp
C:\Users\shahd\source\repos\Project3\Project3\MyForm1.h(727,17): warning C4477: 'sprintf' : format string '%s' requires an argument of type 'char *', but variadic argument 1 has type 'System::String ^'
C:\Users\shahd\source\repos\Project3\Project3\MyForm1.h(727,3): warning C4996: 'sprintf': This function or variable may be unsafe. Consider using sprintf_s instead. To disable deprecation, use _CRT_SECURE_NO_WARNINGS. See online help for details.
C:\Users\shahd\source\repos\Project3\Project3\MyForm1.h(737,17): warning C4477: 'sprintf' : format string '%s' requires an argument of type 'char *', but variadic argument 1 has type 'System::String ^'
C:\Users\shahd\source\repos\Project3\Project3\MyForm1.h(737,3): warning C4996: 'sprintf': This function or variable may be unsafe. Consider using sprintf_s instead. To disable deprecation, use _CRT_SECURE_NO_WARNINGS. See online help for details.
C:\Users\shahd\source\repos\Project3\Project3\MyForm1.h(755,17): warning C4477: 'sprintf' : format string '%s' requires an argument of type 'char *', but variadic argument 1 has type 'System::String ^'
C:\Users\shahd\source\repos\Project3\Project3\MyForm1.h(755,3): warning C4996: 'sprintf': This function or variable may be unsafe. Consider using sprintf_s instead. To disable deprecation, use _CRT_SECURE_NO_WARNINGS. See online help for details.
C:\Users\shahd\source\repos\Project3\Project3\MyForm1.h(767,17): warning C4477: 'sprintf' : format string '%s' requires an argument of type 'char *', but variadic argument 1 has type 'System::String ^'
C:\Users\shahd\source\repos\Project3\Project3\MyForm1.h(767,3): warning C4996: 'sprintf': This function or variable may be unsafe. Consider using sprintf_s instead. To disable deprecation, use _CRT_SECURE_NO_WARNINGS. See online help for details.
C:\Users\shahd\source\repos\Project3\Project3\MyForm1.h(795,17): warning C4477: 'sprintf' : format string '%s' requires an argument of type 'char *', but variadic argument 1 has type 'System::String ^'
C:\Users\shahd\source\repos\Project3\Project3\MyForm1.h(795,3): warning C4996: 'sprintf': This function or variable may be unsafe. Consider using sprintf_s instead. To disable deprecation, use _CRT_SECURE_NO_WARNINGS. See online help for details.
C:\Users\shahd\source\repos\Project3\Project3\MyForm1.h(814,17): warning C4477: 'sprintf' : format string '%s' requires an argument of type 'char *', but variadic argument 1 has type 'System::String ^'
C:\Users\shahd\source\repos\Project3\Project3\MyForm1.h(814,3): warning C4996: 'sprintf': This function or variable may be unsafe. Consider using sprintf_s instead. To disable deprecation, use _CRT_SECURE_NO_WARNINGS. See online help for details.
C:\Users\shahd\source\repos\Project3\Project3\MyForm1.h(826,17): warning C4477: 'sprintf' : format string '%s' requires an argument of type 'char *', but variadic argument 1 has type 'System::String ^'
C:\Users\shahd\source\repos\Project3\Project3\MyForm1.h(826,3): warning C4996: 'sprintf': This function or variable may be unsafe. Consider using sprintf_s instead. To disable deprecation, use _CRT_SECURE_NO_WARNINGS. See online help for details.
C:\Users\shahd\source\repos\Project3\Project3\MyForm1.h(847,17): warning C4477: 'sprintf' : format string '%s' requires an argument of type 'char *', but variadic argument 1 has type 'System::String ^'
C:\Users\shahd\source\repos\Project3\Project3\MyForm1.h(847,3): warning C4996: 'sprintf': This function or variable may be unsafe. Consider using sprintf_s instead. To disable deprecation, use _CRT_SECURE_NO_WARNINGS. See online help for details.
C:\Users\shahd\source\repos\Project3\Project3\MyForm1.h(861,17): warning C4477: 'sprintf' : format string '%s' requires an argument of type 'char *', but variadic argument 1 has type 'System::String ^'
C:\Users\shahd\source\repos\Project3\Project3\MyForm1.h(861,3): warning C4996: 'sprintf': This function or variable may be unsafe. Consider using sprintf_s instead. To disable deprecation, use _CRT_SECURE_NO_WARNINGS. See online help for details.
C:\Users\shahd\source\repos\Project3\Project3\MyForm1.h(873,17): warning C4477: 'sprintf' : format string '%s' requires an argument of type 'char *', but variadic argument 1 has type 'System::String ^'
C:\Users\shahd\source\repos\Project3\Project3\MyForm1.h(873,3): warning C4996: 'sprintf': This function or variable may be unsafe. Consider using sprintf_s instead. To disable deprecation, use _CRT_SECURE_NO_WARNINGS. See online help for details.
C:\Users\shahd\source\repos\Project3\Project3\MyFormphysics.h(2500,19): warning C4566: character represented by universal-character-name '\u03BB' cannot be represented in the current code page (1252)
C:\Users\shahd\source\repos\Project3\Project3\MyFormphysics.h(2521,19): warning C4566: character represented by universal-character-name '\u03BB' cannot be represented in the current code page (1252)
C:\Users\shahd\source\repos\Project3\Project3\MyFormphysics.h(2570,19): warning C4566: character represented by universal-character-name '\u03BC' cannot be represented in the current code page (1252)
C:\Users\shahd\source\repos\Project3\Project3\MyFormphysics.h(2592,19): warning C4566: character represented by universal-character-name '\u03BB' cannot be represented in the current code page (1252)
C:\Users\shahd\source\repos\Project3\Project3\MyFormphysics.h(2597,19): warning C4566: character represented by universal-character-name '\u03BC' cannot be represented in the current code page (1252)
C:\Users\shahd\source\repos\Project3\Project3\MyFormphysics.h(2620,19): warning C4566: character represented by universal-character-name '\u03BB' cannot be represented in the current code page (1252)
C:\Users\shahd\source\repos\Project3\Project3\MyFormphysics.h(2625,19): warning C4566: character represented by universal-character-name '\u03BC' cannot be represented in the current code page (1252)
C:\Users\shahd\source\repos\Project3\Project3\MyFormphysics.h(2652,19): warning C4566: character represented by universal-character-name '\u03BC' cannot be represented in the current code page (1252)
C:\Users\shahd\source\repos\Project3\Project3\MyFormphysics.h(2722,19): warning C4566: character represented by universal-character-name '\u03C1' cannot be represented in the current code page (1252)
C:\Users\shahd\source\repos\Project3\Project3\MyFormphysics.h(2808,19): warning C4566: character represented by universal-character-name '\u03C1' cannot be represented in the current code page (1252)
C:\Users\shahd\source\repos\Project3\Project3\MyFormphysics.h(2858,19): warning C4566: character represented by universal-character-name '\u03C1' cannot be represented in the current code page (1252)
C:\Users\shahd\source\repos\Project3\Project3\MyFormphysics.h(2891,19): warning C4566: character represented by universal-character-name '\u03C1' cannot be represented in the current code page (1252)
C:\Users\shahd\source\repos\Project3\Project3\MyFormphysics.h(2918,19): warning C4566: character represented by universal-character-name '\u03C1' cannot be represented in the current code page (1252)
C:\Users\shahd\source\repos\Project3\Project3\MyFormphysics.h(2290,32): warning C4244: '=': conversion from 'double' to 'float', possible loss of data
C:\Users\shahd\source\repos\Project3\Project3\MyFormphysics.h(2296,32): warning C4244: '=': conversion from 'double' to 'float', possible loss of data
C:\Users\shahd\source\repos\Project3\Project3\MyFormphysics.h(2307,32): warning C4244: '=': conversion from 'double' to 'float', possible loss of data
C:\Users\shahd\source\repos\Project3\Project3\MyFormphysics.h(2313,32): warning C4244: '=': conversion from 'double' to 'float', possible loss of data
C:\Users\shahd\source\repos\Project3\Project3\MyFormphysics.h(2318,32): warning C4244: '=': conversion from 'double' to 'float', possible loss of data
C:\Users\shahd\source\repos\Project3\Project3\MyFormphysics.h(2336,32): warning C4244: '=': conversion from 'double' to 'int', possible loss of data
C:\Users\shahd\source\repos\Project3\Project3\MyFormphysics.h(2342,32): warning C4244: '=': conversion from 'double' to 'int', possible loss of data
C:\Users\shahd\source\repos\Project3\Project3\MyFormphysics.h(2347,32): warning C4244: '=': conversion from 'double' to 'int', possible loss of data
C:\Users\shahd\source\repos\Project3\Project3\MyFormphysics.h(2365,32): warning C4244: '=': conversion from 'double' to 'float', possible loss of data
C:\Users\shahd\source\repos\Project3\Project3\MyFormphysics.h(2371,32): warning C4244: '=': conversion from 'double' to 'float', possible loss of data
C:\Users\shahd\source\repos\Project3\Project3\MyFormphysics.h(2384,32): warning C4244: '=': conversion from 'double' to 'float', possible loss of data
C:\Users\shahd\source\repos\Project3\Project3\MyFormphysics.h(2390,32): warning C4244: '=': conversion from 'double' to 'float', possible loss of data
C:\Users\shahd\source\repos\Project3\Project3\MyFormphysics.h(2403,32): warning C4244: '=': conversion from 'double' to 'float', possible loss of data
C:\Users\shahd\source\repos\Project3\Project3\MyFormphysics.h(2409,32): warning C4244: '=': conversion from 'double' to 'float', possible loss of data
C:\Users\shahd\source\repos\Project3\Project3\MyFormphysics.h(2421,32): warning C4244: '=': conversion from 'double' to 'float', possible loss of data
C:\Users\shahd\source\repos\Project3\Project3\MyFormphysics.h(2427,32): warning C4244: '=': conversion from 'double' to 'int', possible loss of data
C:\Users\shahd\source\repos\Project3\Project3\MyFormphysics.h(2438,32): warning C4244: '=': conversion from 'double' to 'int', possible loss of data
C:\Users\shahd\source\repos\Project3\Project3\MyFormphysics.h(2444,32): warning C4244: '=': conversion from 'double' to 'int', possible loss of data
C:\Users\shahd\source\repos\Project3\Project3\MyFormphysics.h(2450,32): warning C4244: '=': conversion from 'double' to 'float', possible loss of data
C:\Users\shahd\source\repos\Project3\Project3\MyFormphysics.h(2461,32): warning C4244: '=': conversion from 'double' to 'float', possible loss of data
C:\Users\shahd\source\repos\Project3\Project3\MyFormphysics.h(2467,32): warning C4244: '=': conversion from 'double' to 'float', possible loss of data
C:\Users\shahd\source\repos\Project3\Project3\MyFormphysics.h(2493,32): warning C4244: '=': conversion from 'double' to 'float', possible loss of data
C:\Users\shahd\source\repos\Project3\Project3\MyFormphysics.h(2499,32): warning C4244: '=': conversion from 'double' to 'float', possible loss of data
C:\Users\shahd\source\repos\Project3\Project3\MyFormphysics.h(2514,32): warning C4244: '=': conversion from 'double' to 'float', possible loss of data
C:\Users\shahd\source\repos\Project3\Project3\MyFormphysics.h(2520,32): warning C4244: '=': conversion from 'double' to 'float', possible loss of data
C:\Users\shahd\source\repos\Project3\Project3\MyFormphysics.h(2532,32): warning C4244: '=': conversion from 'double' to 'int', possible loss of data
C:\Users\shahd\source\repos\Project3\Project3\MyFormphysics.h(2540,32): warning C4244: '=': conversion from 'double' to 'float', possible loss of data
C:\Users\shahd\source\repos\Project3\Project3\MyFormphysics.h(2545,32): warning C4244: '=': conversion from 'double' to 'int', possible loss of data
C:\Users\shahd\source\repos\Project3\Project3\MyFormphysics.h(2563,32): warning C4244: '=': conversion from 'double' to 'float', possible loss of data
C:\Users\shahd\source\repos\Project3\Project3\MyFormphysics.h(2569,32): warning C4244: '=': conversion from 'double' to 'float', possible loss of data
C:\Users\shahd\source\repos\Project3\Project3\MyFormphysics.h(2580,32): warning C4244: '=': conversion from 'double' to 'float', possible loss of data
C:\Users\shahd\source\repos\Project3\Project3\MyFormphysics.h(2586,32): warning C4244: '=': conversion from 'double' to 'int', possible loss of data
C:\Users\shahd\source\repos\Project3\Project3\MyFormphysics.h(2591,32): warning C4244: '=': conversion from 'double' to 'int', possible loss of data
C:\Users\shahd\source\repos\Project3\Project3\MyFormphysics.h(2596,32): warning C4244: '=': conversion from 'double' to 'float', possible loss of data
C:\Users\shahd\source\repos\Project3\Project3\MyFormphysics.h(2608,32): warning C4244: '=': conversion from 'double' to 'float', possible loss of data
C:\Users\shahd\source\repos\Project3\Project3\MyFormphysics.h(2614,32): warning C4244: '=': conversion from 'double' to 'int', possible loss of data
C:\Users\shahd\source\repos\Project3\Project3\MyFormphysics.h(2619,32): warning C4244: '=': conversion from 'double' to 'int', possible loss of data
C:\Users\shahd\source\repos\Project3\Project3\MyFormphysics.h(2624,32): warning C4244: '=': conversion from 'double' to 'float', possible loss of data
C:\Users\shahd\source\repos\Project3\Project3\MyFormphysics.h(2635,32): warning C4244: '=': conversion from 'double' to 'float', possible loss of data
C:\Users\shahd\source\repos\Project3\Project3\MyFormphysics.h(2641,32): warning C4244: '=': conversion from 'double' to 'int', possible loss of data
C:\Users\shahd\source\repos\Project3\Project3\MyFormphysics.h(2646,32): warning C4244: '=': conversion from 'double' to 'int', possible loss of data
C:\Users\shahd\source\repos\Project3\Project3\MyFormphysics.h(2651,32): warning C4244: '=': conversion from 'double' to 'float', possible loss of data
C:\Users\shahd\source\repos\Project3\Project3\MyFormphysics.h(2664,32): warning C4244: '=': conversion from 'double' to 'int', possible loss of data
C:\Users\shahd\source\repos\Project3\Project3\MyFormphysics.h(2670,32): warning C4244: '=': conversion from 'double' to 'float', possible loss of data
C:\Users\shahd\source\repos\Project3\Project3\MyFormphysics.h(2681,32): warning C4244: '=': conversion from 'double' to 'float', possible loss of data
C:\Users\shahd\source\repos\Project3\Project3\MyFormphysics.h(2687,32): warning C4244: '=': conversion from 'double' to 'float', possible loss of data
C:\Users\shahd\source\repos\Project3\Project3\MyFormphysics.h(2693,32): warning C4244: '=': conversion from 'double' to 'float', possible loss of data
C:\Users\shahd\source\repos\Project3\Project3\MyFormphysics.h(2705,32): warning C4244: '=': conversion from 'double' to 'float', possible loss of data
C:\Users\shahd\source\repos\Project3\Project3\MyFormphysics.h(2711,32): warning C4244: '=': conversion from 'double' to 'float', possible loss of data
C:\Users\shahd\source\repos\Project3\Project3\MyFormphysics.h(2716,32): warning C4244: '=': conversion from 'double' to 'int', possible loss of data
C:\Users\shahd\source\repos\Project3\Project3\MyFormphysics.h(2721,32): warning C4244: '=': conversion from 'double' to 'float', possible loss of data
C:\Users\shahd\source\repos\Project3\Project3\MyFormphysics.h(2733,32): warning C4244: '=': conversion from 'double' to 'float', possible loss of data
C:\Users\shahd\source\repos\Project3\Project3\MyFormphysics.h(2739,32): warning C4244: '=': conversion from 'double' to 'float', possible loss of data
C:\Users\shahd\source\repos\Project3\Project3\MyFormphysics.h(2751,32): warning C4244: '=': conversion from 'double' to 'float', possible loss of data
C:\Users\shahd\source\repos\Project3\Project3\MyFormphysics.h(2757,32): warning C4244: '=': conversion from 'double' to 'float', possible loss of data
C:\Users\shahd\source\repos\Project3\Project3\MyFormphysics.h(2762,32): warning C4244: '=': conversion from 'double' to 'float', possible loss of data
C:\Users\shahd\source\repos\Project3\Project3\MyFormphysics.h(2774,32): warning C4244: '=': conversion from 'double' to 'float', possible loss of data
C:\Users\shahd\source\repos\Project3\Project3\MyFormphysics.h(2780,32): warning C4244: '=': conversion from 'double' to 'float', possible loss of data
C:\Users\shahd\source\repos\Project3\Project3\MyFormphysics.h(2785,32): warning C4244: '=': conversion from 'double' to 'int', possible loss of data
C:\Users\shahd\source\repos\Project3\Project3\MyFormphysics.h(2790,33): warning C4244: '=': conversion from 'double' to 'float', possible loss of data
C:\Users\shahd\source\repos\Project3\Project3\MyFormphysics.h(2795,32): warning C4244: '=': conversion from 'double' to 'float', possible loss of data
C:\Users\shahd\source\repos\Project3\Project3\MyFormphysics.h(2807,32): warning C4244: '=': conversion from 'double' to 'float', possible loss of data
C:\Users\shahd\source\repos\Project3\Project3\MyFormphysics.h(2813,32): warning C4244: '=': conversion from 'double' to 'float', possible loss of data
C:\Users\shahd\source\repos\Project3\Project3\MyFormphysics.h(2823,32): warning C4244: '=': conversion from 'double' to 'float', possible loss of data
C:\Users\shahd\source\repos\Project3\Project3\MyFormphysics.h(2831,32): warning C4244: '=': conversion from 'double' to 'float', possible loss of data
C:\Users\shahd\source\repos\Project3\Project3\MyFormphysics.h(2837,32): warning C4244: '=': conversion from 'double' to 'float', possible loss of data
C:\Users\shahd\source\repos\Project3\Project3\MyFormphysics.h(2842,32): warning C4244: '=': conversion from 'double' to 'int', possible loss of data
C:\Users\shahd\source\repos\Project3\Project3\MyFormphysics.h(2847,32): warning C4244: '=': conversion from 'double' to 'float', possible loss of data
C:\Users\shahd\source\repos\Project3\Project3\MyFormphysics.h(2852,32): warning C4244: '=': conversion from 'double' to 'int', possible loss of data
C:\Users\shahd\source\repos\Project3\Project3\MyFormphysics.h(2857,32): warning C4244: '=': conversion from 'double' to 'float', possible loss of data
C:\Users\shahd\source\repos\Project3\Project3\MyFormphysics.h(2869,32): warning C4244: '=': conversion from 'double' to 'float', possible loss of data
C:\Users\shahd\source\repos\Project3\Project3\MyFormphysics.h(2875,32): warning C4244: '=': conversion from 'double' to 'float', possible loss of data
C:\Users\shahd\source\repos\Project3\Project3\MyFormphysics.h(2880,32): warning C4244: '=': conversion from 'double' to 'float', possible loss of data
C:\Users\shahd\source\repos\Project3\Project3\MyFormphysics.h(2885,32): warning C4244: '=': conversion from 'double' to 'int', possible loss of data
C:\Users\shahd\source\repos\Project3\Project3\MyFormphysics.h(2890,32): warning C4244: '=': conversion from 'double' to 'float', possible loss of data
C:\Users\shahd\source\repos\Project3\Project3\MyFormphysics.h(2901,32): warning C4244: '=': conversion from 'double' to 'float', possible loss of data
C:\Users\shahd\source\repos\Project3\Project3\MyFormphysics.h(2907,32): warning C4244: '=': conversion from 'double' to 'float', possible loss of data
C:\Users\shahd\source\repos\Project3\Project3\MyFormphysics.h(2912,32): warning C4244: '=': conversion from 'double' to 'int', possible loss of data
C:\Users\shahd\source\repos\Project3\Project3\MyFormphysics.h(2917,32): warning C4244: '=': conversion from 'double' to 'float', possible loss of data
C:\Users\shahd\source\repos\Project3\Project3\MyFormphysics.h(2928,32): warning C4244: '=': conversion from 'double' to 'float', possible loss of data
C:\Users\shahd\source\repos\Project3\Project3\MyFormphysics.h(2934,32): warning C4244: '=': conversion from 'double' to 'int', possible loss of data
C:\Users\shahd\source\repos\Project3\Project3\MyFormphysics.h(2945,32): warning C4244: '=': conversion from 'double' to 'float', possible loss of data
C:\Users\shahd\source\repos\Project3\Project3\MyFormphysics.h(2951,32): warning C4244: '=': conversion from 'double' to 'int', possible loss of data
C:\Users\shahd\source\repos\Project3\Project3\gpaForm.h(591,1): warning C4305: '=': truncation from 'double' to 'float'
C:\Users\shahd\source\repos\Project3\Project3\gpaForm.h(593,1): warning C4305: '=': truncation from 'double' to 'float'
C:\Users\shahd\source\repos\Project3\Project3\gpaForm.h(597,1): warning C4305: '=': truncation from 'double' to 'float'
C:\Users\shahd\source\repos\Project3\Project3\gpaForm.h(599,1): warning C4305: '=': truncation from 'double' to 'float'
C:\Users\shahd\source\repos\Project3\Project3\gpaForm.h(601,1): warning C4305: '=': truncation from 'double' to 'float'
  MyFormphysics.cpp
C:\Users\shahd\source\repos\Project3\Project3\MyFormphysics.h(2500,19): warning C4566: character represented by universal-character-name '\u03BB' cannot be represented in the current code page (1252)
C:\Users\shahd\source\repos\Project3\Project3\MyFormphysics.h(2521,19): warning C4566: character represented by universal-character-name '\u03BB' cannot be represented in the current code page (1252)
C:\Users\shahd\source\repos\Project3\Project3\MyFormphysics.h(2570,19): warning C4566: character represented by universal-character-name '\u03BC' cannot be represented in the current code page (1252)
C:\Users\shahd\source\repos\Project3\Project3\MyFormphysics.h(2592,19): warning C4566: character represented by universal-character-name '\u03BB' cannot be represented in the current code page (1252)
C:\Users\shahd\source\repos\Project3\Project3\MyFormphysics.h(2597,19): warning C4566: character represented by universal-character-name '\u03BC' cannot be represented in the current code page (1252)
C:\Users\shahd\source\repos\Project3\Project3\MyFormphysics.h(2620,19): warning C4566: character represented by universal-character-name '\u03BB' cannot be represented in the current code page (1252)
C:\Users\shahd\source\repos\Project3\Project3\MyFormphysics.h(2625,19): warning C4566: character represented by universal-character-name '\u03BC' cannot be represented in the current code page (1252)
C:\Users\shahd\source\repos\Project3\Project3\MyFormphysics.h(2652,19): warning C4566: character represented by universal-character-name '\u03BC' cannot be represented in the current code page (1252)
C:\Users\shahd\source\repos\Project3\Project3\MyFormphysics.h(2722,19): warning C4566: character represented by universal-character-name '\u03C1' cannot be represented in the current code page (1252)
C:\Users\shahd\source\repos\Project3\Project3\MyFormphysics.h(2808,19): warning C4566: character represented by universal-character-name '\u03C1' cannot be represented in the current code page (1252)
C:\Users\shahd\source\repos\Project3\Project3\MyFormphysics.h(2858,19): warning C4566: character represented by universal-character-name '\u03C1' cannot be represented in the current code page (1252)
C:\Users\shahd\source\repos\Project3\Project3\MyFormphysics.h(2891,19): warning C4566: character represented by universal-character-name '\u03C1' cannot be represented in the current code page (1252)
C:\Users\shahd\source\repos\Project3\Project3\MyFormphysics.h(2918,19): warning C4566: character represented by universal-character-name '\u03C1' cannot be represented in the current code page (1252)
C:\Users\shahd\source\repos\Project3\Project3\MyFormphysics.h(2290,32): warning C4244: '=': conversion from 'double' to 'float', possible loss of data
C:\Users\shahd\source\repos\Project3\Project3\MyFormphysics.h(2296,32): warning C4244: '=': conversion from 'double' to 'float', possible loss of data
C:\Users\shahd\source\repos\Project3\Project3\MyFormphysics.h(2307,32): warning C4244: '=': conversion from 'double' to 'float', possible loss of data
C:\Users\shahd\source\repos\Project3\Project3\MyFormphysics.h(2313,32): warning C4244: '=': conversion from 'double' to 'float', possible loss of data
C:\Users\shahd\source\repos\Project3\Project3\MyFormphysics.h(2318,32): warning C4244: '=': conversion from 'double' to 'float', possible loss of data
C:\Users\shahd\source\repos\Project3\Project3\MyFormphysics.h(2336,32): warning C4244: '=': conversion from 'double' to 'int', possible loss of data
C:\Users\shahd\source\repos\Project3\Project3\MyFormphysics.h(2342,32): warning C4244: '=': conversion from 'double' to 'int', possible loss of data
C:\Users\shahd\source\repos\Project3\Project3\MyFormphysics.h(2347,32): warning C4244: '=': conversion from 'double' to 'int', possible loss of data
C:\Users\shahd\source\repos\Project3\Project3\MyFormphysics.h(2365,32): warning C4244: '=': conversion from 'double' to 'float', possible loss of data
C:\Users\shahd\source\repos\Project3\Project3\MyFormphysics.h(2371,32): warning C4244: '=': conversion from 'double' to 'float', possible loss of data
C:\Users\shahd\source\repos\Project3\Project3\MyFormphysics.h(2384,32): warning C4244: '=': conversion from 'double' to 'float', possible loss of data
C:\Users\shahd\source\repos\Project3\Project3\MyFormphysics.h(2390,32): warning C4244: '=': conversion from 'double' to 'float', possible loss of data
C:\Users\shahd\source\repos\Project3\Project3\MyFormphysics.h(2403,32): warning C4244: '=': conversion from 'double' to 'float', possible loss of data
C:\Users\shahd\source\repos\Project3\Project3\MyFormphysics.h(2409,32): warning C4244: '=': conversion from 'double' to 'float', possible loss of data
C:\Users\shahd\source\repos\Project3\Project3\MyFormphysics.h(2421,32): warning C4244: '=': conversion from 'double' to 'float', possible loss of data
C:\Users\shahd\source\repos\Project3\Project3\MyFormphysics.h(2427,32): warning C4244: '=': conversion from 'double' to 'int', possible loss of data
C:\Users\shahd\source\repos\Project3\Project3\MyFormphysics.h(2438,32): warning C4244: '=': conversion from 'double' to 'int', possible loss of data
C:\Users\shahd\source\repos\Project3\Project3\MyFormphysics.h(2444,32): warning C4244: '=': conversion from 'double' to 'int', possible loss of data
C:\Users\shahd\source\repos\Project3\Project3\MyFormphysics.h(2450,32): warning C4244: '=': conversion from 'double' to 'float', possible loss of data
C:\Users\shahd\source\repos\Project3\Project3\MyFormphysics.h(2461,32): warning C4244: '=': conversion from 'double' to 'float', possible loss of data
C:\Users\shahd\source\repos\Project3\Project3\MyFormphysics.h(2467,32): warning C4244: '=': conversion from 'double' to 'float', possible loss of data
C:\Users\shahd\source\repos\Project3\Project3\MyFormphysics.h(2493,32): warning C4244: '=': conversion from 'double' to 'float', possible loss of data
C:\Users\shahd\source\repos\Project3\Project3\MyFormphysics.h(2499,32): warning C4244: '=': conversion from 'double' to 'float', possible loss of data
C:\Users\shahd\source\repos\Project3\Project3\MyFormphysics.h(2514,32): warning C4244: '=': conversion from 'double' to 'float', possible loss of data
C:\Users\shahd\source\repos\Project3\Project3\MyFormphysics.h(2520,32): warning C4244: '=': conversion from 'double' to 'float', possible loss of data
C:\Users\shahd\source\repos\Project3\Project3\MyFormphysics.h(2532,32): warning C4244: '=': conversion from 'double' to 'int', possible loss of data
C:\Users\shahd\source\repos\Project3\Project3\MyFormphysics.h(2540,32): warning C4244: '=': conversion from 'double' to 'float', possible loss of data
C:\Users\shahd\source\repos\Project3\Project3\MyFormphysics.h(2545,32): warning C4244: '=': conversion from 'double' to 'int', possible loss of data
C:\Users\shahd\source\repos\Project3\Project3\MyFormphysics.h(2563,32): warning C4244: '=': conversion from 'double' to 'float', possible loss of data
C:\Users\shahd\source\repos\Project3\Project3\MyFormphysics.h(2569,32): warning C4244: '=': conversion from 'double' to 'float', possible loss of data
C:\Users\shahd\source\repos\Project3\Project3\MyFormphysics.h(2580,32): warning C4244: '=': conversion from 'double' to 'float', possible loss of data
C:\Users\shahd\source\repos\Project3\Project3\MyFormphysics.h(2586,32): warning C4244: '=': conversion from 'double' to 'int', possible loss of data
C:\Users\shahd\source\repos\Project3\Project3\MyFormphysics.h(2591,32): warning C4244: '=': conversion from 'double' to 'int', possible loss of data
C:\Users\shahd\source\repos\Project3\Project3\MyFormphysics.h(2596,32): warning C4244: '=': conversion from 'double' to 'float', possible loss of data
C:\Users\shahd\source\repos\Project3\Project3\MyFormphysics.h(2608,32): warning C4244: '=': conversion from 'double' to 'float', possible loss of data
C:\Users\shahd\source\repos\Project3\Project3\MyFormphysics.h(2614,32): warning C4244: '=': conversion from 'double' to 'int', possible loss of data
C:\Users\shahd\source\repos\Project3\Project3\MyFormphysics.h(2619,32): warning C4244: '=': conversion from 'double' to 'int', possible loss of data
C:\Users\shahd\source\repos\Project3\Project3\MyFormphysics.h(2624,32): warning C4244: '=': conversion from 'double' to 'float', possible loss of data
C:\Users\shahd\source\repos\Project3\Project3\MyFormphysics.h(2635,32): warning C4244: '=': conversion from 'double' to 'float', possible loss of data
C:\Users\shahd\source\repos\Project3\Project3\MyFormphysics.h(2641,32): warning C4244: '=': conversion from 'double' to 'int', possible loss of data
C:\Users\shahd\source\repos\Project3\Project3\MyFormphysics.h(2646,32): warning C4244: '=': conversion from 'double' to 'int', possible loss of data
C:\Users\shahd\source\repos\Project3\Project3\MyFormphysics.h(2651,32): warning C4244: '=': conversion from 'double' to 'float', possible loss of data
C:\Users\shahd\source\repos\Project3\Project3\MyFormphysics.h(2664,32): warning C4244: '=': conversion from 'double' to 'int', possible loss of data
C:\Users\shahd\source\repos\Project3\Project3\MyFormphysics.h(2670,32): warning C4244: '=': conversion from 'double' to 'float', possible loss of data
C:\Users\shahd\source\repos\Project3\Project3\MyFormphysics.h(2681,32): warning C4244: '=': conversion from 'double' to 'float', possible loss of data
C:\Users\shahd\source\repos\Project3\Project3\MyFormphysics.h(2687,32): warning C4244: '=': conversion from 'double' to 'float', possible loss of data
C:\Users\shahd\source\repos\Project3\Project3\MyFormphysics.h(2693,32): warning C4244: '=': conversion from 'double' to 'float', possible loss of data
C:\Users\shahd\source\repos\Project3\Project3\MyFormphysics.h(2705,32): warning C4244: '=': conversion from 'double' to 'float', possible loss of data
C:\Users\shahd\source\repos\Project3\Project3\MyFormphysics.h(2711,32): warning C4244: '=': conversion from 'double' to 'float', possible loss of data
C:\Users\shahd\source\repos\Project3\Project3\MyFormphysics.h(2716,32): warning C4244: '=': conversion from 'double' to 'int', possible loss of data
C:\Users\shahd\source\repos\Project3\Project3\MyFormphysics.h(2721,32): warning C4244: '=': conversion from 'double' to 'float', possible loss of data
C:\Users\shahd\source\repos\Project3\Project3\MyFormphysics.h(2733,32): warning C4244: '=': conversion from 'double' to 'float', possible loss of data
C:\Users\shahd\source\repos\Project3\Project3\MyFormphysics.h(2739,32): warning C4244: '=': conversion from 'double' to 'float', possible loss of data
C:\Users\shahd\source\repos\Project3\Project3\MyFormphysics.h(2751,32): warning C4244: '=': conversion from 'double' to 'float', possible loss of data
C:\Users\shahd\source\repos\Project3\Project3\MyFormphysics.h(2757,32): warning C4244: '=': conversion from 'double' to 'float', possible loss of data
C:\Users\shahd\source\repos\Project3\Project3\MyFormphysics.h(2762,32): warning C4244: '=': conversion from 'double' to 'float', possible loss of data
C:\Users\shahd\source\repos\Project3\Project3\MyFormphysics.h(2774,32): warning C4244: '=': conversion from 'double' to 'float', possible loss of data
C:\Users\shahd\source\repos\Project3\Project3\MyFormphysics.h(2780,32): warning C4244: '=': conversion from 'double' to 'float', possible loss of data
C:\Users\shahd\source\repos\Project3\Project3\MyFormphysics.h(2785,32): warning C4244: '=': conversion from 'double' to 'int', possible loss of data
C:\Users\shahd\source\repos\Project3\Project3\MyFormphysics.h(2790,33): warning C4244: '=': conversion from 'double' to 'float', possible loss of data
C:\Users\shahd\source\repos\Project3\Project3\MyFormphysics.h(2795,32): warning C4244: '=': conversion from 'double' to 'float', possible loss of data
C:\Users\shahd\source\repos\Project3\Project3\MyFormphysics.h(2807,32): warning C4244: '=': conversion from 'double' to 'float', possible loss of data
C:\Users\shahd\source\repos\Project3\Project3\MyFormphysics.h(2813,32): warning C4244: '=': conversion from 'double' to 'float', possible loss of data
C:\Users\shahd\source\repos\Project3\Project3\MyFormphysics.h(2823,32): warning C4244: '=': conversion from 'double' to 'float', possible loss of data
C:\Users\shahd\source\repos\Project3\Project3\MyFormphysics.h(2831,32): warning C4244: '=': conversion from 'double' to 'float', possible loss of data
C:\Users\shahd\source\repos\Project3\Project3\MyFormphysics.h(2837,32): warning C4244: '=': conversion from 'double' to 'float', possible loss of data
C:\Users\shahd\source\repos\Project3\Project3\MyFormphysics.h(2842,32): warning C4244: '=': conversion from 'double' to 'int', possible loss of data
C:\Users\shahd\source\repos\Project3\Project3\MyFormphysics.h(2847,32): warning C4244: '=': conversion from 'double' to 'float', possible loss of data
C:\Users\shahd\source\repos\Project3\Project3\MyFormphysics.h(2852,32): warning C4244: '=': conversion from 'double' to 'int', possible loss of data
C:\Users\shahd\source\repos\Project3\Project3\MyFormphysics.h(2857,32): warning C4244: '=': conversion from 'double' to 'float', possible loss of data
C:\Users\shahd\source\repos\Project3\Project3\MyFormphysics.h(2869,32): warning C4244: '=': conversion from 'double' to 'float', possible loss of data
C:\Users\shahd\source\repos\Project3\Project3\MyFormphysics.h(2875,32): warning C4244: '=': conversion from 'double' to 'float', possible loss of data
C:\Users\shahd\source\repos\Project3\Project3\MyFormphysics.h(2880,32): warning C4244: '=': conversion from 'double' to 'float', possible loss of data
C:\Users\shahd\source\repos\Project3\Project3\MyFormphysics.h(2885,32): warning C4244: '=': conversion from 'double' to 'int', possible loss of data
C:\Users\shahd\source\repos\Project3\Project3\MyFormphysics.h(2890,32): warning C4244: '=': conversion from 'double' to 'float', possible loss of data
C:\Users\shahd\source\repos\Project3\Project3\MyFormphysics.h(2901,32): warning C4244: '=': conversion from 'double' to 'float', possible loss of data
C:\Users\shahd\source\repos\Project3\Project3\MyFormphysics.h(2907,32): warning C4244: '=': conversion from 'double' to 'float', possible loss of data
C:\Users\shahd\source\repos\Project3\Project3\MyFormphysics.h(2912,32): warning C4244: '=': conversion from 'double' to 'int', possible loss of data
C:\Users\shahd\source\repos\Project3\Project3\MyFormphysics.h(2917,32): warning C4244: '=': conversion from 'double' to 'float', possible loss of data
C:\Users\shahd\source\repos\Project3\Project3\MyFormphysics.h(2928,32): warning C4244: '=': conversion from 'double' to 'float', possible loss of data
C:\Users\shahd\source\repos\Project3\Project3\MyFormphysics.h(2934,32): warning C4244: '=': conversion from 'double' to 'int', possible loss of data
C:\Users\shahd\source\repos\Project3\Project3\MyFormphysics.h(2945,32): warning C4244: '=': conversion from 'double' to 'float', possible loss of data
C:\Users\shahd\source\repos\Project3\Project3\MyFormphysics.h(2951,32): warning C4244: '=': conversion from 'double' to 'int', possible loss of data
  Generating Code...
  materialsForm.obj : MSIL module encountered; incremental linking is disabled for MSIL; performing full link
  Project3.vcxproj -> C:\Users\shahd\source\repos\Project3\Debug\Project3.exe
